[0316/123655.914:ERROR:crash_report_database_win.cc(469)] failed to stat report
[0316/123655.916:ERROR:crash_report_database_win.cc(469)] failed to stat report
[0316/130534.159:ERROR:crash_report_database_win.cc(469)] failed to stat report
[0316/130534.161:ERROR:crash_report_database_win.cc(469)] failed to stat report
[0316/131745.048:ERROR:crash_report_database_win.cc(469)] failed to stat report
[0316/131745.049:ERROR:crash_report_database_win.cc(469)] failed to stat report
[0316/151049.137:ERROR:crash_report_database_win.cc(469)] failed to stat report
[0316/151049.139:ERROR:crash_report_database_win.cc(469)] failed to stat report
[0316/151300.270:ERROR:crash_report_database_win.cc(469)] failed to stat report
[0316/151300.271:ERROR:crash_report_database_win.cc(469)] failed to stat report
[0316/151639.154:ERROR:crash_report_database_win.cc(469)] failed to stat report
[0316/151639.155:ERROR:crash_report_database_win.cc(469)] failed to stat report
[0316/160801.431:ERROR:crash_report_database_win.cc(469)] failed to stat report
[0316/160801.432:ERROR:crash_report_database_win.cc(469)] failed to stat report
[0316/161114.720:ERROR:process_info.cc(118)] ReadProcessMemory bool __cdecl crashpad::(anonymous namespace)::ReadStruct(HANDLE, crashpad::WinVMAddress, T *) [T = crashpad::process_types::PEB<crashpad::process_types::internal::Traits64>]: Somente uma parte de um pedido ReadProcessMemory ou WriteProcessMemory foi concluída. (0x12B)
[0316/161114.723:ERROR:process_info.cc(551)] ReadProcessData failed
[0316/161114.723:ERROR:scoped_process_suspend.cc(40)] NtResumeProcess: Tentou-se acessar um processo de saída. (0xc000010a)
[0316/161115.964:ERROR:process_memory_win.cc(73)] ReadMemory at 0x7ff92a41ed18 of 12 bytes failed: Somente uma parte de um pedido ReadProcessMemory ou WriteProcessMemory foi concluída. (0x12B)
[0316/161115.964:WARNING:process_snapshot_win.cc(71)] ReadMemory ExceptionInformation failed
[0316/161115.964:ERROR:scoped_process_suspend.cc(40)] NtResumeProcess: Tentou-se acessar um processo de saída. (0xc000010a)
[0316/161122.681:ERROR:crash_report_database_win.cc(469)] failed to stat report
[0316/161122.682:ERROR:crash_report_database_win.cc(469)] failed to stat report
[0316/162122.682:ERROR:crash_report_database_win.cc(469)] failed to stat report
[0316/162122.682:ERROR:crash_report_database_win.cc(469)] failed to stat report
[0316/162122.682:ERROR:crash_report_database_win.cc(469)] failed to stat report
[0316/162122.683:ERROR:crash_report_database_win.cc(469)] failed to stat report
[0316/162622.683:ERROR:crash_report_database_win.cc(469)] failed to stat report
[0316/162622.683:ERROR:crash_report_database_win.cc(469)] failed to stat report
[0316/164122.684:ERROR:crash_report_database_win.cc(469)] failed to stat report
[0316/164122.684:ERROR:crash_report_database_win.cc(469)] failed to stat report
[0316/165622.685:ERROR:crash_report_database_win.cc(469)] failed to stat report
[0316/165622.685:ERROR:crash_report_database_win.cc(469)] failed to stat report
[0316/171122.687:ERROR:crash_report_database_win.cc(469)] failed to stat report
[0316/171122.687:ERROR:crash_report_database_win.cc(469)] failed to stat report
[0316/172622.689:ERROR:crash_report_database_win.cc(469)] failed to stat report
[0316/172622.689:ERROR:crash_report_database_win.cc(469)] failed to stat report
[0316/174122.690:ERROR:crash_report_database_win.cc(469)] failed to stat report
[0316/174122.690:ERROR:crash_report_database_win.cc(469)] failed to stat report
[0316/175622.701:ERROR:crash_report_database_win.cc(469)] failed to stat report
[0316/175622.702:ERROR:crash_report_database_win.cc(469)] failed to stat report
[0316/181122.703:ERROR:crash_report_database_win.cc(469)] failed to stat report
[0316/181122.703:ERROR:crash_report_database_win.cc(469)] failed to stat report
[0316/182622.704:ERROR:crash_report_database_win.cc(469)] failed to stat report
[0316/182622.704:ERROR:crash_report_database_win.cc(469)] failed to stat report
[0316/184122.705:ERROR:crash_report_database_win.cc(469)] failed to stat report
[0316/184122.705:ERROR:crash_report_database_win.cc(469)] failed to stat report
[0316/185622.705:ERROR:crash_report_database_win.cc(469)] failed to stat report
[0316/185622.706:ERROR:crash_report_database_win.cc(469)] failed to stat report
[0317/094839.508:ERROR:crash_report_database_win.cc(469)] failed to stat report
[0317/094839.525:ERROR:crash_report_database_win.cc(469)] failed to stat report
[0317/133654.001:ERROR:crash_report_database_win.cc(469)] failed to stat report
[0317/133654.001:ERROR:crash_report_database_win.cc(469)] failed to stat report
[0317/133905.886:ERROR:crash_report_database_win.cc(469)] failed to stat report
[0317/133905.903:ERROR:crash_report_database_win.cc(469)] failed to stat report
[0317/134905.908:ERROR:crash_report_database_win.cc(469)] failed to stat report
[0317/134905.953:ERROR:crash_report_database_win.cc(469)] failed to stat report
[0317/134905.954:ERROR:crash_report_database_win.cc(469)] failed to stat report
[0317/134905.954:ERROR:crash_report_database_win.cc(469)] failed to stat report
[0317/140755.873:ERROR:crash_report_database_win.cc(469)] failed to stat report
[0317/140755.874:ERROR:crash_report_database_win.cc(469)] failed to stat report
[0317/142255.876:ERROR:crash_report_database_win.cc(469)] failed to stat report
[0317/142255.876:ERROR:crash_report_database_win.cc(469)] failed to stat report
[0317/152603.414:ERROR:crash_report_database_win.cc(469)] failed to stat report
[0317/152603.414:ERROR:crash_report_database_win.cc(469)] failed to stat report
[0317/154103.415:ERROR:crash_report_database_win.cc(469)] failed to stat report
[0317/154103.415:ERROR:crash_report_database_win.cc(469)] failed to stat report
[0317/155603.416:ERROR:crash_report_database_win.cc(469)] failed to stat report
[0317/155603.416:ERROR:crash_report_database_win.cc(469)] failed to stat report
[0317/161759.274:ERROR:crash_report_database_win.cc(469)] failed to stat report
[0317/161759.274:ERROR:crash_report_database_win.cc(469)] failed to stat report
[0319/165829.985:ERROR:crash_report_database_win.cc(469)] failed to stat report
[0319/165830.016:ERROR:crash_report_database_win.cc(469)] failed to stat report
[0319/170829.986:ERROR:crash_report_database_win.cc(469)] failed to stat report
[0319/170829.986:ERROR:crash_report_database_win.cc(469)] failed to stat report
[0319/170829.987:ERROR:crash_report_database_win.cc(469)] failed to stat report
[0319/170829.987:ERROR:crash_report_database_win.cc(469)] failed to stat report
[0319/171330.017:ERROR:crash_report_database_win.cc(469)] failed to stat report
[0319/171330.017:ERROR:crash_report_database_win.cc(469)] failed to stat report
[0319/172830.018:ERROR:crash_report_database_win.cc(469)] failed to stat report
[0319/172830.018:ERROR:crash_report_database_win.cc(469)] failed to stat report
[0319/174330.020:ERROR:crash_report_database_win.cc(469)] failed to stat report
[0319/174330.020:ERROR:crash_report_database_win.cc(469)] failed to stat report
[0319/175830.022:ERROR:crash_report_database_win.cc(469)] failed to stat report
[0319/175830.022:ERROR:crash_report_database_win.cc(469)] failed to stat report
[0319/181330.024:ERROR:crash_report_database_win.cc(469)] failed to stat report
[0319/181330.024:ERROR:crash_report_database_win.cc(469)] failed to stat report
[0319/182830.024:ERROR:crash_report_database_win.cc(469)] failed to stat report
[0319/182830.025:ERROR:crash_report_database_win.cc(469)] failed to stat report
[0319/184330.025:ERROR:crash_report_database_win.cc(469)] failed to stat report
[0319/184330.026:ERROR:crash_report_database_win.cc(469)] failed to stat report
[0319/185830.027:ERROR:crash_report_database_win.cc(469)] failed to stat report
[0319/185830.027:ERROR:crash_report_database_win.cc(469)] failed to stat report
[0319/191330.029:ERROR:crash_report_database_win.cc(469)] failed to stat report
[0319/191330.029:ERROR:crash_report_database_win.cc(469)] failed to stat report
[0319/192830.029:ERROR:crash_report_database_win.cc(469)] failed to stat report
[0319/192830.029:ERROR:crash_report_database_win.cc(469)] failed to stat report
[0319/194333.580:ERROR:crash_report_database_win.cc(469)] failed to stat report
[0319/194333.580:ERROR:crash_report_database_win.cc(469)] failed to stat report
[0319/195833.581:ERROR:crash_report_database_win.cc(469)] failed to stat report
[0319/195833.581:ERROR:crash_report_database_win.cc(469)] failed to stat report
[0319/201333.581:ERROR:crash_report_database_win.cc(469)] failed to stat report
[0319/201333.581:ERROR:crash_report_database_win.cc(469)] failed to stat report
[0319/202833.582:ERROR:crash_report_database_win.cc(469)] failed to stat report
[0319/202833.582:ERROR:crash_report_database_win.cc(469)] failed to stat report
[0319/204333.584:ERROR:crash_report_database_win.cc(469)] failed to stat report
[0319/204333.584:ERROR:crash_report_database_win.cc(469)] failed to stat report
[0319/212417.512:ERROR:crash_report_database_win.cc(469)] failed to stat report
[0319/212417.514:ERROR:crash_report_database_win.cc(469)] failed to stat report
[0319/213417.512:ERROR:crash_report_database_win.cc(469)] failed to stat report
[0319/213417.512:ERROR:crash_report_database_win.cc(469)] failed to stat report
[0319/213417.514:ERROR:crash_report_database_win.cc(469)] failed to stat report
[0319/213417.514:ERROR:crash_report_database_win.cc(469)] failed to stat report
[0319/213917.518:ERROR:crash_report_database_win.cc(469)] failed to stat report
[0319/213917.518:ERROR:crash_report_database_win.cc(469)] failed to stat report
[0319/215417.519:ERROR:crash_report_database_win.cc(469)] failed to stat report
[0319/215417.520:ERROR:crash_report_database_win.cc(469)] failed to stat report
[0319/220917.521:ERROR:crash_report_database_win.cc(469)] failed to stat report
[0319/220917.521:ERROR:crash_report_database_win.cc(469)] failed to stat report
[0319/222417.522:ERROR:crash_report_database_win.cc(469)] failed to stat report
[0319/222417.522:ERROR:crash_report_database_win.cc(469)] failed to stat report
[0319/223917.523:ERROR:crash_report_database_win.cc(469)] failed to stat report
[0319/223917.523:ERROR:crash_report_database_win.cc(469)] failed to stat report
[0319/225417.524:ERROR:crash_report_database_win.cc(469)] failed to stat report
[0319/225417.524:ERROR:crash_report_database_win.cc(469)] failed to stat report
[0320/172507.317:ERROR:crash_report_database_win.cc(469)] failed to stat report
[0320/172507.336:ERROR:crash_report_database_win.cc(469)] failed to stat report
[0320/173507.318:ERROR:crash_report_database_win.cc(469)] failed to stat report
[0320/173507.318:ERROR:crash_report_database_win.cc(469)] failed to stat report
[0320/173507.319:ERROR:crash_report_database_win.cc(469)] failed to stat report
[0320/173507.319:ERROR:crash_report_database_win.cc(469)] failed to stat report
[0320/174007.338:ERROR:crash_report_database_win.cc(469)] failed to stat report
[0320/174007.338:ERROR:crash_report_database_win.cc(469)] failed to stat report
[0320/175507.340:ERROR:crash_report_database_win.cc(469)] failed to stat report
[0320/175507.340:ERROR:crash_report_database_win.cc(469)] failed to stat report
[0320/181007.341:ERROR:crash_report_database_win.cc(469)] failed to stat report
[0320/181007.341:ERROR:crash_report_database_win.cc(469)] failed to stat report
[0320/182507.342:ERROR:crash_report_database_win.cc(469)] failed to stat report
[0320/182507.342:ERROR:crash_report_database_win.cc(469)] failed to stat report
[0320/183455.076:ERROR:crash_report_database_win.cc(469)] failed to stat report
[0320/183455.078:ERROR:crash_report_database_win.cc(469)] failed to stat report
[0320/183928.692:ERROR:crash_report_database_win.cc(469)] failed to stat report
[0320/183928.693:ERROR:crash_report_database_win.cc(469)] failed to stat report
[0320/184007.345:ERROR:crash_report_database_win.cc(469)] failed to stat report
[0320/184007.345:ERROR:crash_report_database_win.cc(469)] failed to stat report
[0320/185507.346:ERROR:crash_report_database_win.cc(469)] failed to stat report
[0320/185507.346:ERROR:crash_report_database_win.cc(469)] failed to stat report
[0320/185825.889:ERROR:crash_report_database_win.cc(469)] failed to stat report
[0320/185825.890:ERROR:crash_report_database_win.cc(469)] failed to stat report
[0320/191007.346:ERROR:crash_report_database_win.cc(469)] failed to stat report
[0320/191007.346:ERROR:crash_report_database_win.cc(469)] failed to stat report
[0320/192507.348:ERROR:crash_report_database_win.cc(469)] failed to stat report
[0320/192507.348:ERROR:crash_report_database_win.cc(469)] failed to stat report
